<?xml version="1.0" encoding="UTF-8"?>
<!-- Generated by org.testng.reporters.JUnitXMLReporter -->
<testsuite ignored="19" hostname="Shlomi-Desktop" failures="0" tests="4" name="Zip up footer" time="28.92" errors="0" timestamp="2021-03-22T13:04:27 IST">
  <testcase classname="tests.MainRunner" name="upFooterOpenWebSite" time="3.403"/>
  <testcase classname="tests.MainRunner" name="testHamburgerMenuAtZipPage" time="15.135"/>
  <testcase classname="tests.MainRunner" name="testSearchAtZipPage" time="0.366"/>
  <testcase classname="tests.MainRunner" name="testSearchOfBusiness" time="6.75"/>
  <testcase classname="tests.MainRunner" name="upFooterXButton" time="0.0">
    <ignored/>
  </testcase> <!-- upFooterXButton -->
  <testcase classname="tests.MainRunner" name="testColorOfNumberAtTicketThatNotTheSameAsBackground" time="0.0">
    <ignored/>
  </testcase> <!-- testColorOfNumberAtTicketThatNotTheSameAsBackground -->
  <testcase classname="tests.MainRunner" name="countCardsAtMapPage" time="0.0">
    <ignored/>
  </testcase> <!-- countCardsAtMapPage -->
  <testcase classname="tests.MainRunner" name="compareTextColorAtDropDownMenu" time="0.0">
    <ignored/>
  </testcase> <!-- compareTextColorAtDropDownMenu -->
  <testcase classname="tests.MainRunner" name="compareTextAtDropDownMenu" time="0.0">
    <ignored/>
  </testcase> <!-- compareTextAtDropDownMenu -->
  <testcase classname="tests.MainRunner" name="testColorOfTicketNumber" time="0.0">
    <ignored/>
  </testcase> <!-- testColorOfTicketNumber -->
  <testcase classname="tests.MainRunner" name="testBusinssTabIcon" time="0.0">
    <ignored/>
  </testcase> <!-- testBusinssTabIcon -->
  <testcase classname="tests.MainRunner" name="testBusinssTabTextColor" time="0.0">
    <ignored/>
  </testcase> <!-- testBusinssTabTextColor -->
  <testcase classname="tests.MainRunner" name="testMapsHeaderTextTopRight" time="0.0">
    <ignored/>
  </testcase> <!-- testMapsHeaderTextTopRight -->
  <testcase classname="tests.MainRunner" name="upFooterHamburgerButton" time="0.0">
    <ignored/>
  </testcase> <!-- upFooterHamburgerButton -->
  <testcase classname="tests.MainRunner" name="testThatCardsHaveNumbers" time="0.0">
    <ignored/>
  </testcase> <!-- testThatCardsHaveNumbers -->
  <testcase classname="tests.MainRunner" name="testThatEachCardTitleIsWhite" time="0.0">
    <ignored/>
  </testcase> <!-- testThatEachCardTitleIsWhite -->
  <testcase classname="tests.MainRunner" name="testBusinssTabIsDefaultSelected" time="0.0">
    <ignored/>
  </testcase> <!-- testBusinssTabIsDefaultSelected -->
  <testcase classname="tests.MainRunner" name="upFooterClickOnB144Link" time="0.0">
    <ignored/>
  </testcase> <!-- upFooterClickOnB144Link -->
  <testcase classname="tests.MainRunner" name="testLoginPagesforPrivateAndBusiness" time="0.0">
    <ignored/>
  </testcase> <!-- testLoginPagesforPrivateAndBusiness -->
  <testcase classname="tests.MainRunner" name="testThatEachCardHasTitle" time="0.0">
    <ignored/>
  </testcase> <!-- testThatEachCardHasTitle -->
  <testcase classname="tests.MainRunner" name="testClickOnNumberLeadToBusinessPage" time="0.0">
    <ignored/>
  </testcase> <!-- testClickOnNumberLeadToBusinessPage -->
  <testcase classname="tests.MainRunner" name="testAccessabilityMenu" time="0.0">
    <ignored/>
  </testcase> <!-- testAccessabilityMenu -->
  <testcase classname="tests.MainRunner" name="testBusinssTabColorWhenUnselected" time="0.0">
    <ignored/>
  </testcase> <!-- testBusinssTabColorWhenUnselected -->
</testsuite> <!-- Zip up footer -->
